[debug] [2021-04-02T03:18:17.083Z] ----------------------------------------------------------------------
[debug] [2021-04-02T03:18:17.086Z] Command:       /usr/local/Cellar/node/15.12.0/bin/node /usr/local/bin/firebase init
[debug] [2021-04-02T03:18:17.087Z] CLI Version:   9.8.0
[debug] [2021-04-02T03:18:17.087Z] Platform:      darwin
[debug] [2021-04-02T03:18:17.087Z] Node Version:  v15.12.0
[debug] [2021-04-02T03:18:17.091Z] Time:          Fri Apr 02 2021 10:18:17 GMT+0700 (Western Indonesia Time)
[debug] [2021-04-02T03:18:17.091Z] ----------------------------------------------------------------------
[debug] 
[debug] [2021-04-02T03:18:17.097Z] > command requires scopes: ["email","openid","https://www.googleapis.com/auth/cloudplatformprojects.readonly","https://www.googleapis.com/auth/firebase","https://www.googleapis.com/auth/cloud-platform"]
[debug] [2021-04-02T03:18:17.098Z] > authorizing via signed-in user
[info] 
     ######## #### ########  ######## ########     ###     ######  ########
     ##        ##  ##     ## ##       ##     ##  ##   ##  ##       ##
     ######    ##  ########  ######   ########  #########  ######  ######
     ##        ##  ##    ##  ##       ##     ## ##     ##       ## ##
     ##       #### ##     ## ######## ########  ##     ##  ######  ########

You're about to initialize a Firebase project in this directory:

  /Users/nakulamarvellio/Documents/Projects/gmail-clone

[info] 
=== Project Setup
[info] 
[info] First, let's associate this project directory with a Firebase project.
[info] You can create multiple project aliases by running firebase use --add, 
[info] but for now we'll just set up a default project.
[info] 
[debug] [2021-04-02T03:20:14.598Z] >>> [apiv2][query] GET https://firebase.googleapis.com/v1beta1/projects pageSize=100
[debug] [2021-04-02T03:20:15.251Z] <<< [apiv2][status] GET https://firebase.googleapis.com/v1beta1/projects 200
[debug] [2021-04-02T03:20:15.252Z] <<< [apiv2][body] GET https://firebase.googleapis.com/v1beta1/projects [omitted]
[info] i  Using project clone-nm (gmail-clone-nm) 
[info] 
=== Database Setup
[info] i  database: ensuring required API firebasedatabase.googleapis.com is enabled... 
[debug] [2021-04-02T03:20:23.267Z] > refreshing access token with scopes: ["email","https://www.googleapis.com/auth/cloud-platform","https://www.googleapis.com/auth/cloudplatformprojects.readonly","https://www.googleapis.com/auth/firebase","openid"]
[debug] [2021-04-02T03:20:23.268Z] >>> HTTP REQUEST POST https://www.googleapis.com/oauth2/v3/token  
 <request body omitted>
[debug] [2021-04-02T03:20:23.552Z] <<< HTTP RESPONSE 200 {"date":"Fri, 02 Apr 2021 03:20:23 GMT","cache-control":"no-cache, no-store, max-age=0, must-revalidate","pragma":"no-cache","expires":"Mon, 01 Jan 1990 00:00:00 GMT","content-type":"application/json; charset=utf-8","vary":"X-Origin, Referer, Origin,Accept-Encoding","server":"scaffolding on HTTPServer2","x-xss-protection":"0","x-frame-options":"SAMEORIGIN","x-content-type-options":"nosniff","alt-svc":"h3-29=\":443\"; ma=2592000,h3-T051=\":443\"; ma=2592000,h3-Q050=\":443\"; ma=2592000,h3-Q046=\":443\"; ma=2592000,h3-Q043=\":443\"; ma=2592000,quic=\":443\"; ma=2592000; v=\"46,43\"","accept-ranges":"none","transfer-encoding":"chunked"}
[debug] [2021-04-02T03:20:23.580Z] >>> HTTP REQUEST GET https://serviceusage.googleapis.com/v1/projects/clone-nm/services/firebasedatabase.googleapis.com  
 
[debug] [2021-04-02T03:20:25.229Z] <<< HTTP RESPONSE 200 {"content-type":"application/json; charset=UTF-8","vary":"X-Origin, Referer, Origin,Accept-Encoding","date":"Fri, 02 Apr 2021 03:20:25 GMT","server":"ESF","cache-control":"private","x-xss-protection":"0","x-frame-options":"SAMEORIGIN","x-content-type-options":"nosniff","alt-svc":"h3-29=\":443\"; ma=2592000,h3-T051=\":443\"; ma=2592000,h3-Q050=\":443\"; ma=2592000,h3-Q046=\":443\"; ma=2592000,h3-Q043=\":443\"; ma=2592000,quic=\":443\"; ma=2592000; v=\"46,43\"","accept-ranges":"none","transfer-encoding":"chunked"}
[warn] ⚠  database: missing required API firebasedatabase.googleapis.com. Enabling now... 
[debug] [2021-04-02T03:20:25.232Z] >>> HTTP REQUEST POST https://serviceusage.googleapis.com/v1/projects/clone-nm/services/firebasedatabase.googleapis.com:enable  
 
[debug] [2021-04-02T03:20:27.218Z] <<< HTTP RESPONSE 200 {"content-type":"application/json; charset=UTF-8","vary":"X-Origin, Referer, Origin,Accept-Encoding","date":"Fri, 02 Apr 2021 03:20:27 GMT","server":"ESF","cache-control":"private","x-xss-protection":"0","x-frame-options":"SAMEORIGIN","x-content-type-options":"nosniff","alt-svc":"h3-29=\":443\"; ma=2592000,h3-T051=\":443\"; ma=2592000,h3-Q050=\":443\"; ma=2592000,h3-Q046=\":443\"; ma=2592000,h3-Q043=\":443\"; ma=2592000,quic=\":443\"; ma=2592000; v=\"46,43\"","accept-ranges":"none","transfer-encoding":"chunked"}
[debug] [2021-04-02T03:20:37.220Z] >>> HTTP REQUEST GET https://serviceusage.googleapis.com/v1/projects/clone-nm/services/firebasedatabase.googleapis.com  
 
[debug] [2021-04-02T03:20:38.962Z] <<< HTTP RESPONSE 200 {"content-type":"application/json; charset=UTF-8","vary":"X-Origin, Referer, Origin,Accept-Encoding","date":"Fri, 02 Apr 2021 03:20:38 GMT","server":"ESF","cache-control":"private","x-xss-protection":"0","x-frame-options":"SAMEORIGIN","x-content-type-options":"nosniff","alt-svc":"h3-29=\":443\"; ma=2592000,h3-T051=\":443\"; ma=2592000,h3-Q050=\":443\"; ma=2592000,h3-Q046=\":443\"; ma=2592000,h3-Q043=\":443\"; ma=2592000,quic=\":443\"; ma=2592000; v=\"46,43\"","accept-ranges":"none","transfer-encoding":"chunked"}
[info] ✔  database: required API firebasedatabase.googleapis.com is enabled 
[info] 
[debug] [2021-04-02T03:20:38.968Z] > refreshing access token with scopes: []
[debug] [2021-04-02T03:20:38.968Z] >>> HTTP REQUEST POST https://www.googleapis.com/oauth2/v3/token  
 <request body omitted>
[debug] [2021-04-02T03:20:39.348Z] <<< HTTP RESPONSE 200 {"cache-control":"no-cache, no-store, max-age=0, must-revalidate","pragma":"no-cache","expires":"Mon, 01 Jan 1990 00:00:00 GMT","date":"Fri, 02 Apr 2021 03:20:39 GMT","content-type":"application/json; charset=utf-8","vary":"X-Origin, Referer, Origin,Accept-Encoding","server":"scaffolding on HTTPServer2","x-xss-protection":"0","x-frame-options":"SAMEORIGIN","x-content-type-options":"nosniff","alt-svc":"h3-29=\":443\"; ma=2592000,h3-T051=\":443\"; ma=2592000,h3-Q050=\":443\"; ma=2592000,h3-Q046=\":443\"; ma=2592000,h3-Q043=\":443\"; ma=2592000,quic=\":443\"; ma=2592000; v=\"46,43\"","accept-ranges":"none","transfer-encoding":"chunked"}
[debug] [2021-04-02T03:20:39.375Z] >>> [apiv2][query] GET https://firebase.googleapis.com/v1beta1/projects/clone-nm [none]
[debug] [2021-04-02T03:20:40.002Z] <<< [apiv2][status] GET https://firebase.googleapis.com/v1beta1/projects/clone-nm 200
[debug] [2021-04-02T03:20:40.003Z] <<< [apiv2][body] GET https://firebase.googleapis.com/v1beta1/projects/clone-nm {"projectId":"clone-nm","projectNumber":"58776679122","displayName":"gmail-clone-nm","name":"projects/clone-nm","resources":{"hostingSite":"clone-nm"},"state":"ACTIVE"}
[info] 
[info] Firebase Realtime Database Security Rules allow you to define how your data should be
[info] structured and when your data can be read from and written to.
[info] 
